2020-05-14 10:36:39,118 INFO 7812 [egg:logger] init all loggers with options: {"dir":"E:\\two_lesson-shuidi\\Interview\\swagger\\swagger-egg\\logs\\swagger-egg","encoding":"utf8","env":"local","level":"INFO","consoleLevel":"INFO","disableConsoleAfterReady":false,"outputJSON":false,"buffer":true,"appLogName":"swagger-egg-web.log","coreLogName":"egg-web.log","agentLogName":"egg-agent.log","errorLogName":"common-error.log","coreLogger":{"consoleLevel":"WARN"},"allowDebugAtProd":false,"type":"application"}
2020-05-14 10:36:39,164 INFO 7812 [egg-multipart] stream mode enable
2020-05-14 10:36:43,693 INFO 7812 [egg-static] starting static serve /public/ -> E:\two_lesson-shuidi\Interview\swagger\swagger-egg\app\public
2020-05-14 10:36:43,787 INFO 7812 [egg-security] use methodnoallow middleware
2020-05-14 10:36:43,793 INFO 7812 [egg-security] use noopen middleware
2020-05-14 10:36:43,807 INFO 7812 [egg-security] use nosniff middleware
2020-05-14 10:36:43,811 INFO 7812 [egg-security] use xssProtection middleware
2020-05-14 10:36:43,823 INFO 7812 [egg-security] use xframe middleware
2020-05-14 10:36:43,826 INFO 7812 [egg-security] use dta middleware
2020-05-14 10:36:43,826 INFO 7812 [egg-security] compose 6 middlewares into one security middleware
2020-05-14 10:36:44,038 INFO 7812 [egg:core] dump config after load, 78ms
2020-05-14 10:36:44,604 INFO 7812 [egg-watcher:application] watcher start success
2020-05-14 10:36:44,745 INFO 7812 [egg:core] dump config after ready, 11ms
2020-05-14 10:36:47,547 INFO 9192 [egg:logger] init all loggers with options: {"dir":"E:\\two_lesson-shuidi\\Interview\\swagger\\swagger-egg\\logs\\swagger-egg","encoding":"utf8","env":"local","level":"INFO","consoleLevel":"INFO","disableConsoleAfterReady":false,"outputJSON":false,"buffer":true,"appLogName":"swagger-egg-web.log","coreLogName":"egg-web.log","agentLogName":"egg-agent.log","errorLogName":"common-error.log","coreLogger":{"consoleLevel":"WARN"},"allowDebugAtProd":false,"type":"application"}
2020-05-14 10:36:47,595 INFO 9192 [egg-multipart] stream mode enable
2020-05-14 10:36:49,048 INFO 9192 [egg-static] starting static serve /public/ -> E:\two_lesson-shuidi\Interview\swagger\swagger-egg\app\public
2020-05-14 10:36:49,052 INFO 9192 [egg-security] use methodnoallow middleware
2020-05-14 10:36:49,053 INFO 9192 [egg-security] use noopen middleware
2020-05-14 10:36:49,056 INFO 9192 [egg-security] use nosniff middleware
2020-05-14 10:36:49,057 INFO 9192 [egg-security] use xssProtection middleware
2020-05-14 10:36:49,058 INFO 9192 [egg-security] use xframe middleware
2020-05-14 10:36:49,058 INFO 9192 [egg-security] use dta middleware
2020-05-14 10:36:49,058 INFO 9192 [egg-security] compose 6 middlewares into one security middleware
2020-05-14 10:36:49,176 INFO 9192 [egg:core] dump config after load, 110ms
2020-05-14 10:36:49,336 INFO 9192 [egg-watcher:application] watcher start success
2020-05-14 10:36:49,587 INFO 9192 [egg:core] dump config after ready, 50ms
2020-05-14 10:36:54,519 INFO 16812 [egg:logger] init all loggers with options: {"dir":"E:\\two_lesson-shuidi\\Interview\\swagger\\swagger-egg\\logs\\swagger-egg","encoding":"utf8","env":"local","level":"INFO","consoleLevel":"INFO","disableConsoleAfterReady":false,"outputJSON":false,"buffer":true,"appLogName":"swagger-egg-web.log","coreLogName":"egg-web.log","agentLogName":"egg-agent.log","errorLogName":"common-error.log","coreLogger":{"consoleLevel":"WARN"},"allowDebugAtProd":false,"type":"application"}
2020-05-14 10:36:54,566 INFO 16812 [egg-multipart] stream mode enable
2020-05-14 10:36:55,291 INFO 16812 [egg-static] starting static serve /public/ -> E:\two_lesson-shuidi\Interview\swagger\swagger-egg\app\public
2020-05-14 10:36:55,296 INFO 16812 [egg-security] use methodnoallow middleware
2020-05-14 10:36:55,297 INFO 16812 [egg-security] use noopen middleware
2020-05-14 10:36:55,300 INFO 16812 [egg-security] use nosniff middleware
2020-05-14 10:36:55,301 INFO 16812 [egg-security] use xssProtection middleware
2020-05-14 10:36:55,302 INFO 16812 [egg-security] use xframe middleware
2020-05-14 10:36:55,303 INFO 16812 [egg-security] use dta middleware
2020-05-14 10:36:55,303 INFO 16812 [egg-security] compose 6 middlewares into one security middleware
2020-05-14 10:36:55,318 INFO 16812 [egg:core] dump config after load, 8ms
2020-05-14 10:36:55,418 INFO 16812 [egg-watcher:application] watcher start success
2020-05-14 10:36:55,487 INFO 16812 [egg:core] dump config after ready, 8ms
2020-05-14 11:47:18,751 WARN 16812 [ClusterClient:Watcher] follower closed, and try to init it again
